{"level":"\u001b[32minfo\u001b[39m","message":"Server is running on port: 5000","timestamp":"2025-08-28 03:14:04 AM"}
{"level":"\u001b[31merror\u001b[39m","message":"ReferenceError","timestamp":"2025-08-28 03:15:09 AM"}
{"level":"\u001b[32minfo\u001b[39m","message":"{\"method\":\"POST\",\"url\":\"/api/scan\",\"status\":\"500\",\"responseTime\":\"171.499 ms\"}","timestamp":"2025-08-28 03:15:09 AM"}
{"level":"\u001b[32minfo\u001b[39m","message":"Server is running on port: 5000","timestamp":"2025-08-28 03:15:19 AM"}
{"level":"\u001b[32minfo\u001b[39m","message":"Server is running on port: 5000","timestamp":"2025-08-28 03:15:24 AM"}
{"level":"\u001b[32minfo\u001b[39m","message":"Server is running on port: 5000","timestamp":"2025-08-28 03:16:51 AM"}
{"level":"\u001b[31merror\u001b[39m","message":"Error","timestamp":"2025-08-28 03:16:57 AM"}
{"level":"\u001b[32minfo\u001b[39m","message":"{\"method\":\"POST\",\"url\":\"/api/scan\",\"status\":\"500\",\"responseTime\":\"21.172 ms\"}","timestamp":"2025-08-28 03:16:57 AM"}
{"level":"\u001b[32minfo\u001b[39m","message":"Server is running on port: 5000","timestamp":"2025-08-28 03:17:44 AM"}
{"level":"\u001b[32minfo\u001b[39m","message":"Server is running on port: 5000","timestamp":"2025-08-28 03:17:46 AM"}
{"level":"\u001b[31merror\u001b[39m","message":"Error","timestamp":"2025-08-28 03:17:51 AM"}
{"level":"\u001b[32minfo\u001b[39m","message":"{\"method\":\"POST\",\"url\":\"/api/scan\",\"status\":\"500\",\"responseTime\":\"18.462 ms\"}","timestamp":"2025-08-28 03:17:51 AM"}
{"level":"\u001b[32minfo\u001b[39m","message":"Server is running on port: 5000","timestamp":"2025-08-28 03:18:20 AM"}
{"level":"\u001b[32minfo\u001b[39m","message":"Server is running on port: 5000","timestamp":"2025-08-28 03:18:22 AM"}
{"level":"\u001b[31merror\u001b[39m","message":"Error","timestamp":"2025-08-28 03:18:26 AM"}
{"level":"\u001b[32minfo\u001b[39m","message":"{\"method\":\"POST\",\"url\":\"/api/scan\",\"status\":\"500\",\"responseTime\":\"19.223 ms\"}","timestamp":"2025-08-28 03:18:26 AM"}
{"level":"\u001b[32minfo\u001b[39m","message":"Server is running on port: 5000","timestamp":"2025-08-28 03:19:37 AM"}
{"level":"\u001b[32minfo\u001b[39m","message":"Server is running on port: 5000","timestamp":"2025-08-28 03:19:38 AM"}
{"level":"\u001b[32minfo\u001b[39m","message":"Server is running on port: 5000","timestamp":"2025-08-28 03:19:46 AM"}
{"level":"\u001b[32minfo\u001b[39m","message":"Server is running on port: 5000","timestamp":"2025-08-28 03:19:47 AM"}
{"level":"\u001b[31merror\u001b[39m","message":"Error","timestamp":"2025-08-28 03:19:51 AM"}
{"level":"\u001b[32minfo\u001b[39m","message":"{\"method\":\"POST\",\"url\":\"/api/scan\",\"status\":\"400\",\"responseTime\":\"16.743 ms\"}","timestamp":"2025-08-28 03:19:51 AM"}
{"level":"\u001b[32minfo\u001b[39m","message":"Server is running on port: 5000","timestamp":"2025-08-28 03:20:11 AM"}
{"level":"\u001b[31merror\u001b[39m","message":"Error","timestamp":"2025-08-28 03:20:23 AM"}
{"level":"\u001b[32minfo\u001b[39m","message":"{\"method\":\"POST\",\"url\":\"/api/scan\",\"status\":\"400\",\"responseTime\":\"18.797 ms\"}","timestamp":"2025-08-28 03:20:23 AM"}
{"level":"\u001b[32minfo\u001b[39m","message":"Server is running on port: 5000","timestamp":"2025-08-28 03:20:51 AM"}
{"level":"\u001b[32minfo\u001b[39m","message":"{\"method\":\"POST\",\"url\":\"/api/scan\",\"status\":\"500\",\"responseTime\":\"18.996 ms\"}","timestamp":"2025-08-28 03:20:53 AM"}
{"level":"\u001b[32minfo\u001b[39m","message":"Server is running on port: 5000","timestamp":"2025-08-28 07:23:55 AM"}
{"level":"\u001b[32minfo\u001b[39m","message":"{\"method\":\"POST\",\"url\":\"/api/scan\",\"status\":\"500\",\"responseTime\":\"2436.028 ms\"}","timestamp":"2025-08-28 07:25:46 AM"}
{"level":"\u001b[32minfo\u001b[39m","message":"Server is running on port: 5000","timestamp":"2025-08-28 07:32:14 AM"}
{"level":"\u001b[32minfo\u001b[39m","message":"{\"method\":\"POST\",\"url\":\"/api/scan\",\"status\":\"200\",\"responseTime\":\"1659961.081 ms\"}","timestamp":"2025-08-28 08:01:22 AM"}
{"level":"\u001b[32minfo\u001b[39m","message":"Server is running on port: 5000","timestamp":"2025-08-31 11:48:38 PM"}
{"level":"\u001b[32minfo\u001b[39m","message":"Server is running on port: 5000","timestamp":"2025-09-01 08:43:14 PM"}
{"level":"\u001b[32minfo\u001b[39m","message":"Server is running on port: 5000","timestamp":"2025-09-01 08:43:17 PM"}
{"level":"\u001b[32minfo\u001b[39m","message":"Server is running on port: 5000","timestamp":"2025-09-01 08:43:18 PM"}
{"level":"\u001b[32minfo\u001b[39m","message":"Server is running on port: 5000","timestamp":"2025-09-01 08:43:23 PM"}
{"level":"\u001b[32minfo\u001b[39m","message":"Server is running on port: 5000","timestamp":"2025-09-01 08:43:28 PM"}
{"level":"\u001b[32minfo\u001b[39m","message":"Server is running on port: 5000","timestamp":"2025-09-01 08:43:33 PM"}
{"level":"\u001b[32minfo\u001b[39m","message":"Server is running on port: 5000","timestamp":"2025-09-01 08:51:00 PM"}
{"level":"\u001b[31merror\u001b[39m","message":"Error connecting to the database","timestamp":"2025-09-01 08:51:03 PM"}
{"level":"\u001b[32minfo\u001b[39m","message":"Server is running on port: 5000","timestamp":"2025-09-01 08:51:32 PM"}
{"level":"\u001b[31merror\u001b[39m","message":"Error connecting to the database","timestamp":"2025-09-01 08:51:35 PM"}
{"level":"\u001b[32minfo\u001b[39m","message":"Server is running on port: 5000","timestamp":"2025-09-01 08:51:42 PM"}
{"level":"\u001b[31merror\u001b[39m","message":"Error connecting to the database","timestamp":"2025-09-01 08:51:44 PM"}
{"level":"\u001b[32minfo\u001b[39m","message":"Server is running on port: 5000","timestamp":"2025-09-01 08:51:59 PM"}
{"level":"\u001b[31merror\u001b[39m","message":"Error connecting to the database","timestamp":"2025-09-01 08:52:02 PM"}
{"level":"\u001b[32minfo\u001b[39m","message":"Server is running on port: 5000","timestamp":"2025-09-01 08:52:38 PM"}
{"level":"\u001b[32minfo\u001b[39m","message":"Database connected successfully","timestamp":"2025-09-01 08:52:41 PM"}
{"level":"\u001b[32minfo\u001b[39m","message":"Server is running on port: 5000","timestamp":"2025-09-01 08:52:50 PM"}
{"level":"\u001b[32minfo\u001b[39m","message":"Database connected successfully","timestamp":"2025-09-01 08:52:53 PM"}
{"level":"\u001b[32minfo\u001b[39m","message":"Server is running on port: 5000","timestamp":"2025-09-02 10:03:38 PM"}
{"level":"\u001b[32minfo\u001b[39m","message":"Server is running on port: 5000","timestamp":"2025-09-02 10:03:40 PM"}
{"level":"\u001b[32minfo\u001b[39m","message":"Database connected successfully","timestamp":"2025-09-02 10:03:44 PM"}
{"level":"\u001b[32minfo\u001b[39m","message":"Server is running on port: 5000","timestamp":"2025-09-02 10:04:17 PM"}
{"level":"\u001b[32minfo\u001b[39m","message":"Database connected successfully","timestamp":"2025-09-02 10:04:20 PM"}
{"level":"\u001b[32minfo\u001b[39m","message":"Server is running on port: 5000","timestamp":"2025-09-02 10:04:30 PM"}
{"level":"\u001b[32minfo\u001b[39m","message":"Server is running on port: 5000","timestamp":"2025-09-02 10:04:31 PM"}
{"level":"\u001b[32minfo\u001b[39m","message":"Database connected successfully","timestamp":"2025-09-02 10:04:34 PM"}
{"level":"\u001b[32minfo\u001b[39m","message":"Server is running on port: 5000","timestamp":"2025-09-02 10:04:40 PM"}
{"level":"\u001b[32minfo\u001b[39m","message":"Database connected successfully","timestamp":"2025-09-02 10:04:44 PM"}
{"level":"\u001b[32minfo\u001b[39m","message":"Server is running on port: 5000","timestamp":"2025-09-02 10:05:03 PM"}
{"level":"\u001b[32minfo\u001b[39m","message":"Database connected successfully","timestamp":"2025-09-02 10:05:07 PM"}
{"level":"\u001b[32minfo\u001b[39m","message":"Server is running on port: 5000","timestamp":"2025-09-02 10:07:02 PM"}
{"level":"\u001b[32minfo\u001b[39m","message":"Database connected successfully","timestamp":"2025-09-02 10:07:05 PM"}
{"level":"\u001b[32minfo\u001b[39m","message":"Server is running on port: 5000","timestamp":"2025-09-02 10:07:07 PM"}
{"level":"\u001b[32minfo\u001b[39m","message":"Database connected successfully","timestamp":"2025-09-02 10:07:10 PM"}
{"level":"\u001b[32minfo\u001b[39m","message":"Server is running on port: 5000","timestamp":"2025-09-02 10:07:51 PM"}
{"level":"\u001b[32minfo\u001b[39m","message":"Server is running on port: 5000","timestamp":"2025-09-02 10:07:53 PM"}
{"level":"\u001b[32minfo\u001b[39m","message":"Server is running on port: 5000","timestamp":"2025-09-02 10:07:57 PM"}
{"level":"\u001b[32minfo\u001b[39m","message":"Database connected successfully","timestamp":"2025-09-02 10:08:00 PM"}
{"level":"\u001b[32minfo\u001b[39m","message":"Server is running on port: 5000","timestamp":"2025-09-02 10:12:25 PM"}
{"level":"\u001b[32minfo\u001b[39m","message":"Database connected successfully","timestamp":"2025-09-02 10:12:29 PM"}
{"level":"\u001b[32minfo\u001b[39m","message":"Server is running on port: 5000","timestamp":"2025-09-02 10:14:51 PM"}
{"level":"\u001b[32minfo\u001b[39m","message":"Server is running on port: 5000","timestamp":"2025-09-02 10:26:24 PM"}
{"level":"\u001b[32minfo\u001b[39m","message":"Database connected successfully","timestamp":"2025-09-02 10:26:27 PM"}
{"level":"\u001b[31merror\u001b[39m","message":"Error","timestamp":"2025-09-02 10:26:41 PM"}
{"level":"\u001b[32minfo\u001b[39m","message":"{\"method\":\"GET\",\"url\":\"/auth/google\",\"status\":\"500\",\"responseTime\":\"5.382 ms\"}","timestamp":"2025-09-02 10:26:41 PM"}
{"level":"\u001b[31merror\u001b[39m","message":"Error","timestamp":"2025-09-02 10:26:41 PM"}
{"level":"\u001b[32minfo\u001b[39m","message":"{\"method\":\"GET\",\"url\":\"/favicon.ico\",\"status\":\"500\",\"responseTime\":\"5.458 ms\"}","timestamp":"2025-09-02 10:26:41 PM"}
{"level":"\u001b[31merror\u001b[39m","message":"Error","timestamp":"2025-09-02 10:40:18 PM"}
{"level":"\u001b[32minfo\u001b[39m","message":"{\"method\":\"GET\",\"url\":\"/api/auth/google\",\"status\":\"500\",\"responseTime\":\"1.780 ms\"}","timestamp":"2025-09-02 10:40:18 PM"}
{"level":"\u001b[31merror\u001b[39m","message":"Error","timestamp":"2025-09-02 10:40:19 PM"}
{"level":"\u001b[32minfo\u001b[39m","message":"{\"method\":\"GET\",\"url\":\"/favicon.ico\",\"status\":\"500\",\"responseTime\":\"2.388 ms\"}","timestamp":"2025-09-02 10:40:19 PM"}
{"level":"\u001b[31merror\u001b[39m","message":"Error","timestamp":"2025-09-02 10:40:25 PM"}
{"level":"\u001b[32minfo\u001b[39m","message":"{\"method\":\"GET\",\"url\":\"/api/auth/google\",\"status\":\"500\",\"responseTime\":\"1.714 ms\"}","timestamp":"2025-09-02 10:40:25 PM"}
{"level":"\u001b[31merror\u001b[39m","message":"Error","timestamp":"2025-09-02 10:40:25 PM"}
{"level":"\u001b[32minfo\u001b[39m","message":"{\"method\":\"GET\",\"url\":\"/favicon.ico\",\"status\":\"500\",\"responseTime\":\"1.901 ms\"}","timestamp":"2025-09-02 10:40:25 PM"}
{"level":"\u001b[32minfo\u001b[39m","message":"Server is running on port: 5000","timestamp":"2025-09-02 10:41:36 PM"}
{"level":"\u001b[32minfo\u001b[39m","message":"Server is running on port: 5000","timestamp":"2025-09-02 10:41:38 PM"}
{"level":"\u001b[32minfo\u001b[39m","message":"Database connected successfully","timestamp":"2025-09-02 10:41:42 PM"}
{"level":"\u001b[32minfo\u001b[39m","message":"Server is running on port: 5000","timestamp":"2025-09-02 10:41:55 PM"}
{"level":"\u001b[32minfo\u001b[39m","message":"Server is running on port: 5000","timestamp":"2025-09-02 10:41:59 PM"}
{"level":"\u001b[32minfo\u001b[39m","message":"Server is running on port: 5000","timestamp":"2025-09-02 10:42:02 PM"}
{"level":"\u001b[32minfo\u001b[39m","message":"Database connected successfully","timestamp":"2025-09-02 10:42:05 PM"}
{"level":"\u001b[32minfo\u001b[39m","message":"Server is running on port: 5000","timestamp":"2025-09-02 10:42:24 PM"}
{"level":"\u001b[32minfo\u001b[39m","message":"Database connected successfully","timestamp":"2025-09-02 10:42:27 PM"}
{"level":"\u001b[32minfo\u001b[39m","message":"Server is running on port: 5000","timestamp":"2025-09-02 10:42:37 PM"}
{"level":"\u001b[32minfo\u001b[39m","message":"Database connected successfully","timestamp":"2025-09-02 10:42:40 PM"}
{"level":"\u001b[32minfo\u001b[39m","message":"Server is running on port: 5000","timestamp":"2025-09-02 10:42:48 PM"}
{"level":"\u001b[32minfo\u001b[39m","message":"Database connected successfully","timestamp":"2025-09-02 10:42:51 PM"}
{"level":"\u001b[32minfo\u001b[39m","message":"Server is running on port: 5000","timestamp":"2025-09-02 10:43:18 PM"}
{"level":"\u001b[32minfo\u001b[39m","message":"Database connected successfully","timestamp":"2025-09-02 10:43:21 PM"}
{"level":"\u001b[32minfo\u001b[39m","message":"Server is running on port: 5000","timestamp":"2025-09-02 10:43:22 PM"}
{"level":"\u001b[32minfo\u001b[39m","message":"Database connected successfully","timestamp":"2025-09-02 10:43:25 PM"}
{"level":"\u001b[32minfo\u001b[39m","message":"Server is running on port: 5000","timestamp":"2025-09-02 10:43:29 PM"}
{"level":"\u001b[32minfo\u001b[39m","message":"Database connected successfully","timestamp":"2025-09-02 10:43:32 PM"}
{"level":"\u001b[32minfo\u001b[39m","message":"Server is running on port: 5000","timestamp":"2025-09-02 10:43:37 PM"}
{"level":"\u001b[32minfo\u001b[39m","message":"Server is running on port: 5000","timestamp":"2025-09-02 10:43:41 PM"}
{"level":"\u001b[32minfo\u001b[39m","message":"Database connected successfully","timestamp":"2025-09-02 10:43:44 PM"}
{"level":"\u001b[32minfo\u001b[39m","message":"Server is running on port: 5000","timestamp":"2025-09-02 10:43:47 PM"}
{"level":"\u001b[32minfo\u001b[39m","message":"Server is running on port: 5000","timestamp":"2025-09-02 10:43:49 PM"}
{"level":"\u001b[32minfo\u001b[39m","message":"Database connected successfully","timestamp":"2025-09-02 10:43:52 PM"}
{"level":"\u001b[32minfo\u001b[39m","message":"Server is running on port: 5000","timestamp":"2025-09-02 10:43:56 PM"}
{"level":"\u001b[32minfo\u001b[39m","message":"Database connected successfully","timestamp":"2025-09-02 10:43:59 PM"}
{"level":"\u001b[32minfo\u001b[39m","message":"Server is running on port: 5000","timestamp":"2025-09-02 10:46:19 PM"}
{"level":"\u001b[32minfo\u001b[39m","message":"Server is running on port: 5000","timestamp":"2025-09-02 10:46:24 PM"}
{"level":"\u001b[32minfo\u001b[39m","message":"Database connected successfully","timestamp":"2025-09-02 10:46:27 PM"}
{"level":"\u001b[32minfo\u001b[39m","message":"Server is running on port: 5000","timestamp":"2025-09-02 10:47:27 PM"}
{"level":"\u001b[32minfo\u001b[39m","message":"Database connected successfully","timestamp":"2025-09-02 10:47:30 PM"}
{"level":"\u001b[32minfo\u001b[39m","message":"Server is running on port: 5000","timestamp":"2025-09-02 10:47:33 PM"}
{"level":"\u001b[32minfo\u001b[39m","message":"Database connected successfully","timestamp":"2025-09-02 10:47:36 PM"}
{"level":"\u001b[31merror\u001b[39m","message":"Error","timestamp":"2025-09-02 10:54:25 PM"}
{"level":"\u001b[32minfo\u001b[39m","message":"{\"method\":\"GET\",\"url\":\"/api/auth/google\",\"status\":\"500\",\"responseTime\":\"10.065 ms\"}","timestamp":"2025-09-02 10:54:25 PM"}
{"level":"\u001b[31merror\u001b[39m","message":"Error","timestamp":"2025-09-02 10:54:25 PM"}
{"level":"\u001b[32minfo\u001b[39m","message":"{\"method\":\"GET\",\"url\":\"/favicon.ico\",\"status\":\"500\",\"responseTime\":\"6.976 ms\"}","timestamp":"2025-09-02 10:54:25 PM"}
{"level":"\u001b[32minfo\u001b[39m","message":"Server is running on port: 5000","timestamp":"2025-09-02 10:57:21 PM"}
{"level":"\u001b[32minfo\u001b[39m","message":"Database connected successfully","timestamp":"2025-09-02 10:57:24 PM"}
{"level":"\u001b[32minfo\u001b[39m","message":"{\"method\":\"GET\",\"url\":\"/api/auth/google\",\"status\":\"302\",\"responseTime\":\"7.356 ms\"}","timestamp":"2025-09-02 10:57:34 PM"}
